<?xml version="1.0" encoding="UTF-8"?>
<!-- Generated by org.testng.reporters.JUnitReportReporter -->
<testsuite hostname="DESKTOP-HVLADVB" failures="0" tests="2" name="kaiser.apc.HomePage" time="4.362" errors="0" timestamp="2021-11-18T09:49:19 IST" skipped="0">
  <testcase classname="kaiser.apc.HomePage" name="basePageNavigation" time="2.559"/>
  <system-out/>
  <testcase classname="kaiser.apc.HomePage" name="basePageNavigation" time="1.803"/>
  <system-out/>
</testsuite> <!-- kaiser.apc.HomePage -->
