<?xml version="1.0" encoding="UTF-8"?>
<!-- Generated by org.testng.reporters.JUnitReportReporter -->
<testsuite hostname="DESKTOP-HVLADVB" failures="0" tests="1" name="kaiser.apc.validateNavigationBar" time="0.077" errors="0" timestamp="2021-11-18T09:49:19 IST" skipped="0">
  <testcase classname="kaiser.apc.validateNavigationBar" name="validateAppNavBar" time="0.077"/>
  <system-out/>
</testsuite> <!-- kaiser.apc.validateNavigationBar -->
