<?xml version="1.0" encoding="UTF-8"?>
<!-- Generated by org.testng.reporters.JUnitReportReporter -->
<testsuite hostname="DESKTOP-HVLADVB" failures="0" tests="2" name="kaiser.apc.HomePage" time="4.850" errors="0" timestamp="2021-11-18T10:25:56 IST" skipped="0">
  <testcase classname="kaiser.apc.HomePage" name="basePageNavigation" time="2.006"/>
  <system-out/>
  <testcase classname="kaiser.apc.HomePage" name="basePageNavigation" time="2.844"/>
  <system-out/>
</testsuite> <!-- kaiser.apc.HomePage -->
