<?xml version="1.0" encoding="UTF-8"?>
<!-- Generated by org.testng.reporters.JUnitReportReporter -->
<testsuite hostname="DESKTOP-HVLADVB" failures="0" tests="1" name="kaiser.apc.HomePage" time="20.102" errors="0" timestamp="2021-11-18T15:32:27 IST" skipped="0">
  <testcase classname="kaiser.apc.HomePage" name="basePageNavigation" time="20.102"/>
  <system-out/>
</testsuite> <!-- kaiser.apc.HomePage -->
